# JRE version: Java(TM) SE Runtime Environment (8.0_101-b13) (build 1.8.0_101-b13)
# Java VM: Java HotSpot(TM) 64-Bit Server VM (25.101-b13 mixed mode windows-amd64 compressed oops)
Heap:
 PSYoungGen      total 46592K, used 2532K [0x00000000eb200000, 0x00000000f4400000, 0x0000000100000000)
  eden space 44032K, 5% used [0x00000000eb200000,0x00000000eb479018,0x00000000edd00000)
  from space 2560K, 0% used [0x00000000edd00000,0x00000000edd00000,0x00000000edf80000)
  to   space 48640K, 0% used [0x00000000f1480000,0x00000000f1480000,0x00000000f4400000)
 ParOldGen       total 249856K, used 130952K [0x00000000c1600000, 0x00000000d0a00000, 0x00000000eb200000)
  object space 249856K, 52% used [0x00000000c1600000,0x00000000c95e2010,0x00000000d0a00000)
 Metaspace       used 4095K, capacity 4634K, committed 4864K, reserved 1056768K
  class space    used 446K, capacity 458K, committed 512K, reserved 1048576K
GC Heap History (10 events):
Event: 0.935 GC heap before
{Heap before GC invocations=4 (full 1):
 PSYoungGen      total 35328K, used 32768K [0x00000000eb200000, 0x00000000ed700000, 0x0000000100000000)
  eden space 32768K, 100% used [0x00000000eb200000,0x00000000ed200000,0x00000000ed200000)
  from space 2560K, 0% used [0x00000000ed480000,0x00000000ed480000,0x00000000ed700000)
  to   space 2560K, 0% used [0x00000000ed200000,0x00000000ed200000,0x00000000ed480000)
 ParOldGen       total 75264K, used 30258K [0x00000000c1600000, 0x00000000c5f80000, 0x00000000eb200000)
  object space 75264K, 40% used [0x00000000c1600000,0x00000000c338c8b8,0x00000000c5f80000)
 Metaspace       used 3842K, capacity 4530K, committed 4864K, reserved 1056768K
  class space    used 419K, capacity 426K, committed 512K, reserved 1048576K
Event: 0.960 GC heap after
Heap after GC invocations=4 (full 1):
 PSYoungGen      total 35328K, used 2560K [0x00000000eb200000, 0x00000000ee200000, 0x0000000100000000)
  eden space 32768K, 0% used [0x00000000eb200000,0x00000000eb200000,0x00000000ed200000)
  from space 2560K, 100% used [0x00000000ed200000,0x00000000ed480000,0x00000000ed480000)
  to   space 2560K, 0% used [0x00000000edf80000,0x00000000edf80000,0x00000000ee200000)
 ParOldGen       total 75264K, used 60432K [0x00000000c1600000, 0x00000000c5f80000, 0x00000000eb200000)
  object space 75264K, 80% used [0x00000000c1600000,0x00000000c5104238,0x00000000c5f80000)
 Metaspace       used 3842K, capacity 4530K, committed 4864K, reserved 1056768K
  class space    used 419K, capacity 426K, committed 512K, reserved 1048576K
}
Event: 0.960 GC heap before
{Heap before GC invocations=5 (full 2):
 PSYoungGen      total 35328K, used 2560K [0x00000000eb200000, 0x00000000ee200000, 0x0000000100000000)
  eden space 32768K, 0% used [0x00000000eb200000,0x00000000eb200000,0x00000000ed200000)
  from space 2560K, 100% used [0x00000000ed200000,0x00000000ed480000,0x00000000ed480000)
  to   space 2560K, 0% used [0x00000000edf80000,0x00000000edf80000,0x00000000ee200000)
 ParOldGen       total 75264K, used 60432K [0x00000000c1600000, 0x00000000c5f80000, 0x00000000eb200000)
  object space 75264K, 80% used [0x00000000c1600000,0x00000000c5104238,0x00000000c5f80000)
 Metaspace       used 3842K, capacity 4530K, committed 4864K, reserved 1056768K
  class space    used 419K, capacity 426K, committed 512K, reserved 1048576K
Event: 1.082 GC heap after
Heap after GC invocations=5 (full 2):
 PSYoungGen      total 35328K, used 0K [0x00000000eb200000, 0x00000000ee200000, 0x0000000100000000)
  eden space 32768K, 0% used [0x00000000eb200000,0x00000000eb200000,0x00000000ed200000)
  from space 2560K, 0% used [0x00000000ed200000,0x00000000ed200000,0x00000000ed480000)
  to   space 2560K, 0% used [0x00000000edf80000,0x00000000edf80000,0x00000000ee200000)
 ParOldGen       total 143360K, used 61794K [0x00000000c1600000, 0x00000000ca200000, 0x00000000eb200000)
  object space 143360K, 43% used [0x00000000c1600000,0x00000000c52588b0,0x00000000ca200000)
 Metaspace       used 3842K, capacity 4530K, committed 4864K, reserved 1056768K
  class space    used 419K, capacity 426K, committed 512K, reserved 1048576K
}
Event: 1.186 GC heap before
{Heap before GC invocations=6 (full 2):
 PSYoungGen      total 35328K, used 32768K [0x00000000eb200000, 0x00000000ee200000, 0x0000000100000000)
  eden space 32768K, 100% used [0x00000000eb200000,0x00000000ed200000,0x00000000ed200000)
  from space 2560K, 0% used [0x00000000ed200000,0x00000000ed200000,0x00000000ed480000)
  to   space 2560K, 0% used [0x00000000edf80000,0x00000000edf80000,0x00000000ee200000)
 ParOldGen       total 143360K, used 61794K [0x00000000c1600000, 0x00000000ca200000, 0x00000000eb200000)
  object space 143360K, 43% used [0x00000000c1600000,0x00000000c52588b0,0x00000000ca200000)
 Metaspace       used 3906K, capacity 4562K, committed 4864K, reserved 1056768K
  class space    used 428K, capacity 458K, committed 512K, reserved 1048576K
Event: 1.209 GC heap after
Heap after GC invocations=6 (full 2):
 PSYoungGen      total 43520K, used 2560K [0x00000000eb200000, 0x00000000ee200000, 0x0000000100000000)
  eden space 40960K, 0% used [0x00000000eb200000,0x00000000eb200000,0x00000000eda00000)
  from space 2560K, 100% used [0x00000000edf80000,0x00000000ee200000,0x00000000ee200000)
  to   space 2560K, 0% used [0x00000000edd00000,0x00000000edd00000,0x00000000edf80000)
 ParOldGen       total 143360K, used 90625K [0x00000000c1600000, 0x00000000ca200000, 0x00000000eb200000)
  object space 143360K, 63% used [0x00000000c1600000,0x00000000c6e80648,0x00000000ca200000)
 Metaspace       used 3906K, capacity 4562K, committed 4864K, reserved 1056768K
  class space    used 428K, capacity 458K, committed 512K, reserved 1048576K
}
Event: 1.330 GC heap before
{Heap before GC invocations=7 (full 2):
 PSYoungGen      total 43520K, used 43520K [0x00000000eb200000, 0x00000000ee200000, 0x0000000100000000)
  eden space 40960K, 100% used [0x00000000eb200000,0x00000000eda00000,0x00000000eda00000)
  from space 2560K, 100% used [0x00000000edf80000,0x00000000ee200000,0x00000000ee200000)
  to   space 2560K, 0% used [0x00000000edd00000,0x00000000edd00000,0x00000000edf80000)
 ParOldGen       total 143360K, used 90625K [0x00000000c1600000, 0x00000000ca200000, 0x00000000eb200000)
  object space 143360K, 63% used [0x00000000c1600000,0x00000000c6e80648,0x00000000ca200000)
 Metaspace       used 4047K, capacity 4562K, committed 4864K, reserved 1056768K
  class space    used 443K, capacity 458K, committed 512K, reserved 1048576K
Event: 1.349 GC heap after
Heap after GC invocations=7 (full 2):
 PSYoungGen      total 46592K, used 2544K [0x00000000eb200000, 0x00000000f4400000, 0x0000000100000000)
  eden space 44032K, 0% used [0x00000000eb200000,0x00000000eb200000,0x00000000edd00000)
  from space 2560K, 99% used [0x00000000edd00000,0x00000000edf7c088,0x00000000edf80000)
  to   space 48640K, 0% used [0x00000000f1480000,0x00000000f1480000,0x00000000f4400000)
 ParOldGen       total 143360K, used 130996K [0x00000000c1600000, 0x00000000ca200000, 0x00000000eb200000)
  object space 143360K, 91% used [0x00000000c1600000,0x00000000c95ed298,0x00000000ca200000)
 Metaspace       used 4047K, capacity 4562K, committed 4864K, reserved 1056768K
  class space    used 443K, capacity 458K, committed 512K, reserved 1048576K
}
Event: 1.349 GC heap before
{Heap before GC invocations=8 (full 3):
 PSYoungGen      total 46592K, used 2544K [0x00000000eb200000, 0x00000000f4400000, 0x0000000100000000)
  eden space 44032K, 0% used [0x00000000eb200000,0x00000000eb200000,0x00000000edd00000)
  from space 2560K, 99% used [0x00000000edd00000,0x00000000edf7c088,0x00000000edf80000)
  to   space 48640K, 0% used [0x00000000f1480000,0x00000000f1480000,0x00000000f4400000)
 ParOldGen       total 143360K, used 130996K [0x00000000c1600000, 0x00000000ca200000, 0x00000000eb200000)
  object space 143360K, 91% used [0x00000000c1600000,0x00000000c95ed298,0x00000000ca200000)
 Metaspace       used 4047K, capacity 4562K, committed 4864K, reserved 1056768K
  class space    used 443K, capacity 458K, committed 512K, reserved 1048576K
Event: 1.620 GC heap after
Heap after GC invocations=8 (full 3):
 PSYoungGen      total 46592K, used 0K [0x00000000eb200000, 0x00000000f4400000, 0x0000000100000000)
  eden space 44032K, 0% used [0x00000000eb200000,0x00000000eb200000,0x00000000edd00000)
  from space 2560K, 0% used [0x00000000edd00000,0x00000000edd00000,0x00000000edf80000)
  to   space 48640K, 0% used [0x00000000f1480000,0x00000000f1480000,0x00000000f4400000)
 ParOldGen       total 249856K, used 130952K [0x00000000c1600000, 0x00000000d0a00000, 0x00000000eb200000)
  object space 249856K, 52% used [0x00000000c1600000,0x00000000c95e2010,0x00000000d0a00000)
 Metaspace       used 4047K, capacity 4562K, committed 4864K, reserved 1056768K
  class space    used 443K, capacity 458K, committed 512K, reserved 1048576K
}

